<?xml version="1.0" encoding="UTF-8"?>
<testsuite xmlns:xsi="http://www.w3.org/2001/XMLSchema-instance" xsi:noNamespaceSchemaLocation="https://maven.apache.org/surefire/maven-surefire-plugin/xsd/surefire-test-report-3.0.xsd" version="3.0" name="ArithmeticTest" time="0.291" tests="3" errors="0" skipped="0" failures="0">
  <properties>
[...]
</properties>
  <testcase name="testSubtractNumbers" classname="ArithmeticTest" time="0.108"/>
  <testcase name="testAddNumbers" classname="ArithmeticTest" time="0.0"/>
  <testcase name="testCompute" classname="ArithmeticTest" time="0.0"/>
</testsuite>